=================================================================
=================================================================
=================================================================
=================================================================
==62795==ERROR: AddressSanitizer: heap-buffer-overflow on address 0x14f2df972660 at pc 0x00000034bb8d bp 0x7fffa8ba5070 sp 0x7fffa8ba5068
==62796==ERROR: AddressSanitizer: heap-buffer-overflow on address 0x150624772660 at pc 0x00000034bb8d bp 0x7fff60130bb0 sp 0x7fff60130ba8
==62797==ERROR: AddressSanitizer: heap-buffer-overflow on address 0x152c8fa72660 at pc 0x00000034bb8d bp 0x7ffc099da9b0 sp 0x7ffc099da9a8
==62794==ERROR: AddressSanitizer: heap-buffer-overflow on address 0x149f12e72660 at pc 0x00000034bb8d bp 0x7ffc6dc33170 sp 0x7ffc6dc33168
READ of size 8 at 0x149f12e72660 thread T0
READ of size 8 at 0x14f2df972660 thread T0
READ of size 8 at 0x150624772660 thread T0
READ of size 8 at 0x152c8fa72660 thread T0
    #0 0x34bb8c in exchange /scratch/project_465000536/soinisim/summerschool/mpi/heat-equation/c/core.c:53:22
    #1 0x350e0b in main /scratch/project_465000536/soinisim/summerschool/mpi/heat-equation/c/main.c:67:9
    #2 0x149f1cf6d2bc in __libc_start_main (/lib64/libc.so.6+0x352bc) (BuildId: 28910b266cdd8f0c54c7830b758e4a1339f255c1)
    #3 0x2584c9 in _start /home/abuild/rpmbuild/BUILD/glibc-2.31/csu/../sysdeps/x86_64/start.S:120

    #0 0x34bb8c in exchange /scratch/project_465000536/soinisim/summerschool/mpi/heat-equation/c/core.c:53:22
    #1 0x350e0b in main /scratch/project_465000536/soinisim/summerschool/mpi/heat-equation/c/main.c:67:9
    #2 0x14f2e9aeb2bc in __libc_start_main (/lib64/libc.so.6+0x352bc) (BuildId: 28910b266cdd8f0c54c7830b758e4a1339f255c1)
    #3 0x2584c9 in _start /home/abuild/rpmbuild/BUILD/glibc-2.31/csu/../sysdeps/x86_64/start.S:120

    #0 0x34bb8c in exchange /scratch/project_465000536/soinisim/summerschool/mpi/heat-equation/c/core.c:53:22
    #1 0x350e0b in main /scratch/project_465000536/soinisim/summerschool/mpi/heat-equation/c/main.c:67:9
    #2 0x15062e9012bc in __libc_start_main (/lib64/libc.so.6+0x352bc) (BuildId: 28910b266cdd8f0c54c7830b758e4a1339f255c1)
    #3 0x2584c9 in _start /home/abuild/rpmbuild/BUILD/glibc-2.31/csu/../sysdeps/x86_64/start.S:120

    #0 0x34bb8c in exchange /scratch/project_465000536/soinisim/summerschool/mpi/heat-equation/c/core.c:53:22
    #1 0x350e0b in main /scratch/project_465000536/soinisim/summerschool/mpi/heat-equation/c/main.c:67:9
    #2 0x152c99b922bc in __libc_start_main (/lib64/libc.so.6+0x352bc) (BuildId: 28910b266cdd8f0c54c7830b758e4a1339f255c1)
    #3 0x2584c9 in _start /home/abuild/rpmbuild/BUILD/glibc-2.31/csu/../sysdeps/x86_64/start.S:120

0x152c8fa72660 is located 0 bytes to the right of 8040032-byte region [0x152c8f2c7800,0x152c8fa72660)
0x149f12e72660 is located 0 bytes to the right of 8040032-byte region [0x149f126c7800,0x149f12e72660)
0x14f2df972660 is located 0 bytes to the right of 8040032-byte region [0x14f2df1c7800,0x14f2df972660)
0x150624772660 is located 0 bytes to the right of 8040032-byte region [0x150623fc7800,0x150624772660)
allocated by thread T0 here:
allocated by thread T0 here:
allocated by thread T0 here:
allocated by thread T0 here:
    #0 0x307dcf in malloc /home/jenkins/compiler-rt/lib/asan/asan_malloc_linux.cpp:69:3
    #1 0x34e153 in allocate_field /scratch/project_465000536/soinisim/summerschool/mpi/heat-equation/c/utilities.c:35:36
    #2 0x34c6f0 in initialize /scratch/project_465000536/soinisim/summerschool/mpi/heat-equation/c/setup.c:72:9
    #3 0x350bc4 in main /scratch/project_465000536/soinisim/summerschool/mpi/heat-equation/c/main.c:46:5
    #4 0x149f1cf6d2bc in __libc_start_main (/lib64/libc.so.6+0x352bc) (BuildId: 28910b266cdd8f0c54c7830b758e4a1339f255c1)

    #0 0x307dcf in malloc /home/jenkins/compiler-rt/lib/asan/asan_malloc_linux.cpp:69:3
    #1 0x34e153 in allocate_field /scratch/project_465000536/soinisim/summerschool/mpi/heat-equation/c/utilities.c:35:36
    #2 0x34c6f0 in initialize /scratch/project_465000536/soinisim/summerschool/mpi/heat-equation/c/setup.c:72:9
    #3 0x350bc4 in main /scratch/project_465000536/soinisim/summerschool/mpi/heat-equation/c/main.c:46:5
    #4 0x14f2e9aeb2bc in __libc_start_main (/lib64/libc.so.6+0x352bc) (BuildId: 28910b266cdd8f0c54c7830b758e4a1339f255c1)

    #0 0x307dcf in malloc /home/jenkins/compiler-rt/lib/asan/asan_malloc_linux.cpp:69:3
    #1 0x34e153 in allocate_field /scratch/project_465000536/soinisim/summerschool/mpi/heat-equation/c/utilities.c:35:36
    #2 0x34c6f0 in initialize /scratch/project_465000536/soinisim/summerschool/mpi/heat-equation/c/setup.c:72:9
    #3 0x350bc4 in main /scratch/project_465000536/soinisim/summerschool/mpi/heat-equation/c/main.c:46:5
    #4 0x15062e9012bc in __libc_start_main (/lib64/libc.so.6+0x352bc) (BuildId: 28910b266cdd8f0c54c7830b758e4a1339f255c1)

    #0 0x307dcf in malloc /home/jenkins/compiler-rt/lib/asan/asan_malloc_linux.cpp:69:3
    #1 0x34e153 in allocate_field /scratch/project_465000536/soinisim/summerschool/mpi/heat-equation/c/utilities.c:35:36
    #2 0x34c6f0 in initialize /scratch/project_465000536/soinisim/summerschool/mpi/heat-equation/c/setup.c:72:9
    #3 0x350bc4 in main /scratch/project_465000536/soinisim/summerschool/mpi/heat-equation/c/main.c:46:5
    #4 0x152c99b922bc in __libc_start_main (/lib64/libc.so.6+0x352bc) (BuildId: 28910b266cdd8f0c54c7830b758e4a1339f255c1)

SUMMARY: AddressSanitizer: heap-buffer-overflow /scratch/project_465000536/soinisim/summerschool/mpi/heat-equation/c/core.c:53:22 in exchange
SUMMARY: AddressSanitizer: heap-buffer-overflow /scratch/project_465000536/soinisim/summerschool/mpi/heat-equation/c/core.c:53:22 in exchange
SUMMARY: AddressSanitizer: heap-buffer-overflow /scratch/project_465000536/soinisim/summerschool/mpi/heat-equation/c/core.c:53:22 in exchange
SUMMARY: AddressSanitizer: heap-buffer-overflow /scratch/project_465000536/soinisim/summerschool/mpi/heat-equation/c/core.c:53:22 in exchange
Shadow bytes around the buggy address:
  0x0294625c6470: 00 00 00 00 00 00 00 00 00 00 00 00 00 00 00 00
  0x0294625c6480: 00 00 00 00 00 00 00 00 00 00 00 00 00 00 00 00
  0x0294625c6490: 00 00 00 00 00 00 00 00 00 00 00 00 00 00 00 00
  0x0294625c64a0: 00 00 00 00 00 00 00 00 00 00 00 00 00 00 00 00
  0x0294625c64b0: 00 00 00 00 00 00 00 00 00 00 00 00 00 00 00 00
=>0x0294625c64c0: 00 00 00 00 00 00 00 00 00 00 00 00[fa]fa fa fa
  0x0294625c64d0: fa fa fa fa fa fa fa fa fa fa fa fa fa fa fa fa
  0x0294625c64e0: fa fa fa fa fa fa fa fa fa fa fa fa fa fa fa fa
  0x0294625c64f0: fa fa fa fa fa fa fa fa fa fa fa fa fa fa fa fa
  0x0294625c6500: fa fa fa fa fa fa fa fa fa fa fa fa fa fa fa fa
  0x0294625c6510: fa fa fa fa fa fa fa fa fa fa fa fa fa fa fa fa
Shadow byte legend (one shadow byte represents 8 application bytes):
  Addressable:           00
  Partially addressable: 01 02 03 04 05 06 07 
  Heap left redzone:       fa
  Freed heap region:       fd
  Stack left redzone:      f1
  Stack mid redzone:       f2
  Stack right redzone:     f3
  Stack after return:      f5
  Stack use after scope:   f8
  Global redzone:          f9
  Global init order:       f6
  Poisoned by user:        f7
  Container overflow:      fc
  Array cookie:            ac
  Intra object redzone:    bb
  ASan internal:           fe
  Left alloca redzone:     ca
  Right alloca redzone:    cb
Shadow bytes around the buggy address:
  0x029edbf26470: 00 00 00 00 00 00 00 00 00 00 00 00 00 00 00 00
  0x029edbf26480: 00 00 00 00 00 00 00 00 00 00 00 00 00 00 00 00
  0x029edbf26490: 00 00 00 00 00 00 00 00 00 00 00 00 00 00 00 00
  0x029edbf264a0: 00 00 00 00 00 00 00 00 00 00 00 00 00 00 00 00
  0x029edbf264b0: 00 00 00 00 00 00 00 00 00 00 00 00 00 00 00 00
=>0x029edbf264c0: 00 00 00 00 00 00 00 00 00 00 00 00[fa]fa fa fa
  0x029edbf264d0: fa fa fa fa fa fa fa fa fa fa fa fa fa fa fa fa
  0x029edbf264e0: fa fa fa fa fa fa fa fa fa fa fa fa fa fa fa fa
  0x029edbf264f0: fa fa fa fa fa fa fa fa fa fa fa fa fa fa fa fa
  0x029edbf26500: fa fa fa fa fa fa fa fa fa fa fa fa fa fa fa fa
  0x029edbf26510: fa fa fa fa fa fa fa fa fa fa fa fa fa fa fa fa
Shadow byte legend (one shadow byte represents 8 application bytes):
  Addressable:           00
  Partially addressable: 01 02 03 04 05 06 07 
  Heap left redzone:       fa
  Freed heap region:       fd
  Stack left redzone:      f1
  Stack mid redzone:       f2
  Stack right redzone:     f3
  Stack after return:      f5
  Stack use after scope:   f8
  Global redzone:          f9
  Global init order:       f6
  Poisoned by user:        f7
  Container overflow:      fc
  Array cookie:            ac
  Intra object redzone:    bb
  ASan internal:           fe
  Left alloca redzone:     ca
  Right alloca redzone:    cb
Shadow bytes around the buggy address:
  0x02a1448e6470: 00 00 00 00 00 00 00 00 00 00 00 00 00 00 00 00
  0x02a1448e6480: 00 00 00 00 00 00 00 00 00 00 00 00 00 00 00 00
  0x02a1448e6490: 00 00 00 00 00 00 00 00 00 00 00 00 00 00 00 00
  0x02a1448e64a0: 00 00 00 00 00 00 00 00 00 00 00 00 00 00 00 00
  0x02a1448e64b0: 00 00 00 00 00 00 00 00 00 00 00 00 00 00 00 00
=>0x02a1448e64c0: 00 00 00 00 00 00 00 00 00 00 00 00[fa]fa fa fa
  0x02a1448e64d0: fa fa fa fa fa fa fa fa fa fa fa fa fa fa fa fa
  0x02a1448e64e0: fa fa fa fa fa fa fa fa fa fa fa fa fa fa fa fa
  0x02a1448e64f0: fa fa fa fa fa fa fa fa fa fa fa fa fa fa fa fa
  0x02a1448e6500: fa fa fa fa fa fa fa fa fa fa fa fa fa fa fa fa
  0x02a1448e6510: fa fa fa fa fa fa fa fa fa fa fa fa fa fa fa fa
Shadow byte legend (one shadow byte represents 8 application bytes):
  Addressable:           00
  Partially addressable: 01 02 03 04 05 06 07 
  Heap left redzone:       fa
  Freed heap region:       fd
  Stack left redzone:      f1
  Stack mid redzone:       f2
  Stack right redzone:     f3
  Stack after return:      f5
  Stack use after scope:   f8
  Global redzone:          f9
  Global init order:       f6
  Poisoned by user:        f7
  Container overflow:      fc
  Array cookie:            ac
  Intra object redzone:    bb
  ASan internal:           fe
  Left alloca redzone:     ca
  Right alloca redzone:    cb
==62796==ABORTING
Shadow bytes around the buggy address:
  0x02a611f46470: 00 00 00 00 00 00 00 00 00 00 00 00 00 00 00 00
  0x02a611f46480: 00 00 00 00 00 00 00 00 00 00 00 00 00 00 00 00
  0x02a611f46490: 00 00 00 00 00 00 00 00 00 00 00 00 00 00 00 00
  0x02a611f464a0: 00 00 00 00 00 00 00 00 00 00 00 00 00 00 00 00
  0x02a611f464b0: 00 00 00 00 00 00 00 00 00 00 00 00 00 00 00 00
=>0x02a611f464c0: 00 00 00 00 00 00 00 00 00 00 00 00[fa]fa fa fa
  0x02a611f464d0: fa fa fa fa fa fa fa fa fa fa fa fa fa fa fa fa
  0x02a611f464e0: fa fa fa fa fa fa fa fa fa fa fa fa fa fa fa fa
  0x02a611f464f0: fa fa fa fa fa fa fa fa fa fa fa fa fa fa fa fa
  0x02a611f46500: fa fa fa fa fa fa fa fa fa fa fa fa fa fa fa fa
  0x02a611f46510: fa fa fa fa fa fa fa fa fa fa fa fa fa fa fa fa
Shadow byte legend (one shadow byte represents 8 application bytes):
  Addressable:           00
  Partially addressable: 01 02 03 04 05 06 07 
  Heap left redzone:       fa
  Freed heap region:       fd
  Stack left redzone:      f1
  Stack mid redzone:       f2
  Stack right redzone:     f3
  Stack after return:      f5
  Stack use after scope:   f8
  Global redzone:          f9
  Global init order:       f6
  Poisoned by user:        f7
  Container overflow:      fc
  Array cookie:            ac
  Intra object redzone:    bb
  ASan internal:           fe
  Left alloca redzone:     ca
  Right alloca redzone:    cb
==62797==ABORTING
==62794==ABORTING
==62795==ABORTING
srun: error: nid001013: tasks 0-3: Exited with exit code 1
srun: launch/slurm: _step_signal: Terminating StepId=3837398.0
